ELF Header:
  Magic:   7f 45 4c 46 02 01 01 00 00 00 00 00 00 00 00 00 
  Class:                             ELF64
  Data:                              2's complement, little endian
  Version:                           1 (current)
  OS/ABI:                            UNIX - System V
  ABI Version:                       0
  Type:                              EXEC (Executable file)
  Machine:                           Advanced Micro Devices X86-64
  Version:                           0x1
  Entry point address:               0x400390
  Start of program headers:          64 (bytes into file)
  Start of section headers:          3144 (bytes into file)
  Flags:                             0x0
  Size of this header:               64 (bytes)
  Size of program headers:           56 (bytes)
  Number of program headers:         8
  Size of section headers:           64 (bytes)
  Number of section headers:         36
  Section header string table index: 33

Section Headers:
  [Nr] Name              Type             Address           Offset
       Size              EntSize          Flags  Link  Info  Align
  [ 0]                   NULL             0000000000000000  00000000
       0000000000000000  0000000000000000           0     0     0
  [ 1] .interp           PROGBITS         0000000000400200  00000200
       000000000000001c  0000000000000000   A       0     0     1
  [ 2] .note.ABI-tag     NOTE             000000000040021c  0000021c
       0000000000000020  0000000000000000   A       0     0     4
  [ 3] .note.gnu.build-i NOTE             000000000040023c  0000023c
       0000000000000024  0000000000000000   A       0     0     4
  [ 4] .gnu.hash         GNU_HASH         0000000000400260  00000260
       000000000000001c  0000000000000000   A       5     0     8
  [ 5] .dynsym           DYNSYM           0000000000400280  00000280
       0000000000000048  0000000000000018   A       6     1     8
  [ 6] .dynstr           STRTAB           00000000004002c8  000002c8
       0000000000000038  0000000000000000   A       0     0     1
  [ 7] .gnu.version      VERSYM           0000000000400300  00000300
       0000000000000006  0000000000000002   A       5     0     2
  [ 8] .gnu.version_r    VERNEED          0000000000400308  00000308
       0000000000000020  0000000000000000   A       6     1     8
  [ 9] .rela.dyn         RELA             0000000000400328  00000328
       0000000000000018  0000000000000018   A       5     0     8
  [10] .rela.plt         RELA             0000000000400340  00000340
       0000000000000018  0000000000000018   A       5    12     8
  [11] .init             PROGBITS         0000000000400358  00000358
       0000000000000018  0000000000000000  AX       0     0     4
  [12] .plt              PROGBITS         0000000000400370  00000370
       0000000000000020  0000000000000010  AX       0     0     4
  [13] .text             PROGBITS         0000000000400390  00000390
       0000000000000218  0000000000000000  AX       0     0     16
  [14] .fini             PROGBITS         00000000004005a8  000005a8
       000000000000000e  0000000000000000  AX       0     0     4
  [15] .rodata           PROGBITS         00000000004005b8  000005b8
       0000000000000010  0000000000000000   A       0     0     8
  [16] .eh_frame_hdr     PROGBITS         00000000004005c8  000005c8
       0000000000000034  0000000000000000   A       0     0     4
  [17] .eh_frame         PROGBITS         0000000000400600  00000600
       00000000000000bc  0000000000000000   A       0     0     8
  [18] .ctors            PROGBITS         00000000006006c0  000006c0
       0000000000000010  0000000000000000  WA       0     0     8
  [19] .dtors            PROGBITS         00000000006006d0  000006d0
       0000000000000010  0000000000000000  WA       0     0     8
  [20] .jcr              PROGBITS         00000000006006e0  000006e0
       0000000000000008  0000000000000000  WA       0     0     8
  [21] .dynamic          DYNAMIC          00000000006006e8  000006e8
       0000000000000190  0000000000000010  WA       6     0     8
  [22] .got              PROGBITS         0000000000600878  00000878
       0000000000000008  0000000000000008  WA       0     0     8
  [23] .got.plt          PROGBITS         0000000000600880  00000880
       0000000000000020  0000000000000008  WA       0     0     8
  [24] .data             PROGBITS         00000000006008a0  000008a0
       0000000000000004  0000000000000000  WA       0     0     4
  [25] .bss              NOBITS           00000000006008a8  000008a4
       0000000000000010  0000000000000000  WA       0     0     8
  [26] .comment          PROGBITS         0000000000000000  000008a4
       000000000000002c  0000000000000001  MS       0     0     1
  [27] .debug_aranges    PROGBITS         0000000000000000  000008d0
       0000000000000030  0000000000000000           0     0     1
  [28] .debug_pubnames   PROGBITS         0000000000000000  00000900
       000000000000002b  0000000000000000           0     0     1
  [29] .debug_info       PROGBITS         0000000000000000  0000092b
       00000000000000d8  0000000000000000           0     0     1
  [30] .debug_abbrev     PROGBITS         0000000000000000  00000a03
       000000000000006d  0000000000000000           0     0     1
  [31] .debug_line       PROGBITS         0000000000000000  00000a70
       0000000000000046  0000000000000000           0     0     1
  [32] .debug_str        PROGBITS         0000000000000000  00000ab6
       0000000000000044  0000000000000001  MS       0     0     1
  [33] .shstrtab         STRTAB           0000000000000000  00000afa
       000000000000014e  0000000000000000           0     0     1
  [34] .symtab           SYMTAB           0000000000000000  00001548
       00000000000006a8  0000000000000018          35    52     8
  [35] .strtab           STRTAB           0000000000000000  00001bf0
       00000000000001ea  0000000000000000           0     0     1
Key to Flags:
  W (write), A (alloc), X (execute), M (merge), S (strings)
  I (info), L (link order), G (group), x (unknown)
  O (extra OS processing required) o (OS specific), p (processor specific)

There are no section groups in this file.

Program Headers:
  Type           Offset             VirtAddr           PhysAddr
                 FileSiz            MemSiz              Flags  Align
  PHDR           0x0000000000000040 0x0000000000400040 0x0000000000400040
                 0x00000000000001c0 0x00000000000001c0  R E    8
  INTERP         0x0000000000000200 0x0000000000400200 0x0000000000400200
                 0x000000000000001c 0x000000000000001c  R      1
      [Requesting program interpreter: /lib64/ld-linux-x86-64.so.2]
  LOAD           0x0000000000000000 0x0000000000400000 0x0000000000400000
                 0x00000000000006bc 0x00000000000006bc  R E    200000
  LOAD           0x00000000000006c0 0x00000000006006c0 0x00000000006006c0
                 0x00000000000001e4 0x00000000000001f8  RW     200000
  DYNAMIC        0x00000000000006e8 0x00000000006006e8 0x00000000006006e8
                 0x0000000000000190 0x0000000000000190  RW     8
  NOTE           0x000000000000021c 0x000000000040021c 0x000000000040021c
                 0x0000000000000044 0x0000000000000044  R      4
  GNU_EH_FRAME   0x00000000000005c8 0x00000000004005c8 0x00000000004005c8
                 0x0000000000000034 0x0000000000000034  R      4
  GNU_STACK      0x0000000000000000 0x0000000000000000 0x0000000000000000
                 0x0000000000000000 0x0000000000000000  RW     8

 Section to Segment mapping:
  Segment Sections...
   00     
   01     .interp 
   02     .interp .note.ABI-tag .note.gnu.build-id .gnu.hash .dynsym .dynstr .gnu.version .gnu.version_r .rela.dyn .rela.plt .init .plt .text .fini .rodata .eh_frame_hdr .eh_frame 
   03     .ctors .dtors .jcr .dynamic .got .got.plt .data .bss 
   04     .dynamic 
   05     .note.ABI-tag .note.gnu.build-id 
   06     .eh_frame_hdr 
   07     

Dynamic section at offset 0x6e8 contains 20 entries:
  Tag        Type                         Name/Value
 0x0000000000000001 (NEEDED)             Shared library: [libc.so.6]
 0x000000000000000c (INIT)               0x400358
 0x000000000000000d (FINI)               0x4005a8
 0x000000006ffffef5 (GNU_HASH)           0x400260
 0x0000000000000005 (STRTAB)             0x4002c8
 0x0000000000000006 (SYMTAB)             0x400280
 0x000000000000000a (STRSZ)              56 (bytes)
 0x000000000000000b (SYMENT)             24 (bytes)
 0x0000000000000015 (DEBUG)              0x0
 0x0000000000000003 (PLTGOT)             0x600880
 0x0000000000000002 (PLTRELSZ)           24 (bytes)
 0x0000000000000014 (PLTREL)             RELA
 0x0000000000000017 (JMPREL)             0x400340
 0x0000000000000007 (RELA)               0x400328
 0x0000000000000008 (RELASZ)             24 (bytes)
 0x0000000000000009 (RELAENT)            24 (bytes)
 0x000000006ffffffe (VERNEED)            0x400308
 0x000000006fffffff (VERNEEDNUM)         1
 0x000000006ffffff0 (VERSYM)             0x400300
 0x0000000000000000 (NULL)               0x0

Relocation section '.rela.dyn' at offset 0x328 contains 1 entries:
  Offset          Info           Type           Sym. Value    Sym. Name + Addend
000000600878  000100000006 R_X86_64_GLOB_DAT 0000000000000000 __gmon_start__ + 0

Relocation section '.rela.plt' at offset 0x340 contains 1 entries:
  Offset          Info           Type           Sym. Value    Sym. Name + Addend
000000600898  000200000007 R_X86_64_JUMP_SLO 0000000000000000 __libc_start_main + 0

There are no unwind sections in this file.

Symbol table '.dynsym' contains 3 entries:
   Num:    Value          Size Type    Bind   Vis      Ndx Name
     0: 0000000000000000     0 NOTYPE  LOCAL  DEFAULT  UND 
     1: 0000000000000000     0 NOTYPE  WEAK   DEFAULT  UND __gmon_start__
     2: 0000000000000000     0 FUNC    GLOBAL DEFAULT  UND __libc_start_main@GLIBC_2.2.5 (2)

Symbol table '.symtab' contains 71 entries:
   Num:    Value          Size Type    Bind   Vis      Ndx Name
     0: 0000000000000000     0 NOTYPE  LOCAL  DEFAULT  UND 
     1: 0000000000400200     0 SECTION LOCAL  DEFAULT    1 
     2: 000000000040021c     0 SECTION LOCAL  DEFAULT    2 
     3: 000000000040023c     0 SECTION LOCAL  DEFAULT    3 
     4: 0000000000400260     0 SECTION LOCAL  DEFAULT    4 
     5: 0000000000400280     0 SECTION LOCAL  DEFAULT    5 
     6: 00000000004002c8     0 SECTION LOCAL  DEFAULT    6 
     7: 0000000000400300     0 SECTION LOCAL  DEFAULT    7 
     8: 0000000000400308     0 SECTION LOCAL  DEFAULT    8 
     9: 0000000000400328     0 SECTION LOCAL  DEFAULT    9 
    10: 0000000000400340     0 SECTION LOCAL  DEFAULT   10 
    11: 0000000000400358     0 SECTION LOCAL  DEFAULT   11 
    12: 0000000000400370     0 SECTION LOCAL  DEFAULT   12 
    13: 0000000000400390     0 SECTION LOCAL  DEFAULT   13 
    14: 00000000004005a8     0 SECTION LOCAL  DEFAULT   14 
    15: 00000000004005b8     0 SECTION LOCAL  DEFAULT   15 
    16: 00000000004005c8     0 SECTION LOCAL  DEFAULT   16 
    17: 0000000000400600     0 SECTION LOCAL  DEFAULT   17 
    18: 00000000006006c0     0 SECTION LOCAL  DEFAULT   18 
    19: 00000000006006d0     0 SECTION LOCAL  DEFAULT   19 
    20: 00000000006006e0     0 SECTION LOCAL  DEFAULT   20 
    21: 00000000006006e8     0 SECTION LOCAL  DEFAULT   21 
    22: 0000000000600878     0 SECTION LOCAL  DEFAULT   22 
    23: 0000000000600880     0 SECTION LOCAL  DEFAULT   23 
    24: 00000000006008a0     0 SECTION LOCAL  DEFAULT   24 
    25: 00000000006008a8     0 SECTION LOCAL  DEFAULT   25 
    26: 0000000000000000     0 SECTION LOCAL  DEFAULT   26 
    27: 0000000000000000     0 SECTION LOCAL  DEFAULT   27 
    28: 0000000000000000     0 SECTION LOCAL  DEFAULT   28 
    29: 0000000000000000     0 SECTION LOCAL  DEFAULT   29 
    30: 0000000000000000     0 SECTION LOCAL  DEFAULT   30 
    31: 0000000000000000     0 SECTION LOCAL  DEFAULT   31 
    32: 0000000000000000     0 SECTION LOCAL  DEFAULT   32 
    33: 00000000004003bc     0 FUNC    LOCAL  DEFAULT   13 call_gmon_start
    34: 0000000000000000     0 FILE    LOCAL  DEFAULT  ABS crtstuff.c
    35: 00000000006006c0     0 OBJECT  LOCAL  DEFAULT   18 __CTOR_LIST__
    36: 00000000006006d0     0 OBJECT  LOCAL  DEFAULT   19 __DTOR_LIST__
    37: 00000000006006e0     0 OBJECT  LOCAL  DEFAULT   20 __JCR_LIST__
    38: 00000000004003e0     0 FUNC    LOCAL  DEFAULT   13 __do_global_dtors_aux
    39: 00000000006008a8     1 OBJECT  LOCAL  DEFAULT   25 completed.6349
    40: 00000000006008b0     8 OBJECT  LOCAL  DEFAULT   25 dtor_idx.6351
    41: 0000000000400450     0 FUNC    LOCAL  DEFAULT   13 frame_dummy
    42: 0000000000000000     0 FILE    LOCAL  DEFAULT  ABS crtstuff.c
    43: 00000000006006c8     0 OBJECT  LOCAL  DEFAULT   18 __CTOR_END__
    44: 00000000004006b8     0 OBJECT  LOCAL  DEFAULT   17 __FRAME_END__
    45: 00000000006006e0     0 OBJECT  LOCAL  DEFAULT   20 __JCR_END__
    46: 0000000000400570     0 FUNC    LOCAL  DEFAULT   13 __do_global_ctors_aux
    47: 0000000000000000     0 FILE    LOCAL  DEFAULT  ABS asm_test.c
    48: 0000000000600880     0 OBJECT  LOCAL  DEFAULT   23 _GLOBAL_OFFSET_TABLE_
    49: 00000000006006bc     0 NOTYPE  LOCAL  DEFAULT   18 __init_array_end
    50: 00000000006006bc     0 NOTYPE  LOCAL  DEFAULT   18 __init_array_start
    51: 00000000006006e8     0 OBJECT  LOCAL  DEFAULT   21 _DYNAMIC
    52: 00000000006008a0     0 NOTYPE  WEAK   DEFAULT   24 data_start
    53: 00000000004004d0     2 FUNC    GLOBAL DEFAULT   13 __libc_csu_fini
    54: 0000000000400390     0 FUNC    GLOBAL DEFAULT   13 _start
    55: 0000000000400474    27 FUNC    GLOBAL DEFAULT   13 bar
    56: 0000000000000000     0 NOTYPE  WEAK   DEFAULT  UND __gmon_start__
    57: 0000000000000000     0 NOTYPE  WEAK   DEFAULT  UND _Jv_RegisterClasses
    58: 00000000004005a8     0 FUNC    GLOBAL DEFAULT   14 _fini
    59: 0000000000000000     0 FUNC    GLOBAL DEFAULT  UND __libc_start_main@@GLIBC_
    60: 00000000004005b8     4 OBJECT  GLOBAL DEFAULT   15 _IO_stdin_used
    61: 000000000040048f    31 FUNC    GLOBAL DEFAULT   13 foo
    62: 00000000006008a0     0 NOTYPE  GLOBAL DEFAULT   24 __data_start
    63: 00000000004005c0     0 OBJECT  GLOBAL HIDDEN    15 __dso_handle
    64: 00000000006006d8     0 OBJECT  GLOBAL HIDDEN    19 __DTOR_END__
    65: 00000000004004e0   137 FUNC    GLOBAL DEFAULT   13 __libc_csu_init
    66: 00000000006008a4     0 NOTYPE  GLOBAL DEFAULT  ABS __bss_start
    67: 00000000006008b8     0 NOTYPE  GLOBAL DEFAULT  ABS _end
    68: 00000000006008a4     0 NOTYPE  GLOBAL DEFAULT  ABS _edata
    69: 00000000004004ae    26 FUNC    GLOBAL DEFAULT   13 main
    70: 0000000000400358     0 FUNC    GLOBAL DEFAULT   11 _init

Version symbols section '.gnu.version' contains 3 entries:
 Addr: 0000000000400300  Offset: 0x000300  Link: 5 (.dynsym)
  000:   0 (*local*)       0 (*local*)       2 (GLIBC_2.2.5)

Version needs section '.gnu.version_r' contains 1 entries:
 Addr: 0x0000000000400308  Offset: 0x000308  Link: 6 (.dynstr)
  000000: Version: 1  File: libc.so.6  Cnt: 1
  0x0010:   Name: GLIBC_2.2.5  Flags: none  Version: 2

Notes at offset 0x0000021c with length 0x00000020:
  Owner		Data size	Description
  GNU		0x00000010	NT_GNU_ABI_TAG (ABI version tag)

Notes at offset 0x0000023c with length 0x00000024:
  Owner		Data size	Description
  GNU		0x00000014	NT_GNU_BUILD_ID (unique build ID bitstring)
